<?xml version="1.0" encoding="UTF-8"?>
<!-- Generated by org.testng.reporters.JUnitReportReporter -->
<testsuite hostname="DESKTOP-VO83SOT" failures="0" tests="2" name="cucumber.TestNGTestRunner" time="65.883" errors="0" timestamp="2024-09-07T13:21:48 IST" skipped="0">
  <testcase classname="cucumber.TestNGTestRunner" name="runScenario" time="39.409"/>
  <testcase classname="cucumber.TestNGTestRunner" name="runScenario" time="26.474"/>
</testsuite> <!-- cucumber.TestNGTestRunner -->
