<?xml version="1.0" encoding="UTF-8"?>
<!-- Generated by org.testng.reporters.JUnitReportReporter -->
<testsuite hostname="DESKTOP-VO83SOT" failures="0" tests="2" name="selenium.tests.ErrorValidationTest" time="15.248" errors="0" timestamp="2024-09-01T13:12:56 IST" skipped="0">
  <testcase classname="selenium.tests.ErrorValidationTest" name="productErrorValidationTest" time="9.274"/>
  <testcase classname="selenium.tests.ErrorValidationTest" name="loginErrorValidationTest" time="5.974"/>
</testsuite> <!-- selenium.tests.ErrorValidationTest -->
