<?xml version="1.0" encoding="UTF-8"?>
<!-- Generated by org.testng.reporters.JUnitReportReporter -->
<testsuite hostname="DESKTOP-VO83SOT" failures="0" tests="4" name="selenium.tests.SubmitOrderTest" time="49.575" errors="0" timestamp="2024-09-01T17:15:08 IST" skipped="0">
  <testcase classname="selenium.tests.SubmitOrderTest" name="submitOrderTest" time="7.186"/>
  <testcase classname="selenium.tests.SubmitOrderTest" name="orderHistoryTest" time="3.887"/>
  <testcase classname="selenium.tests.SubmitOrderTest" name="submitOrderTest" time="20.573"/>
  <testcase classname="selenium.tests.SubmitOrderTest" name="submitOrderTest" time="17.929"/>
</testsuite> <!-- selenium.tests.SubmitOrderTest -->
