<?xml version="1.0" encoding="UTF-8"?>
<!-- Generated by org.testng.reporters.JUnitReportReporter -->
<testsuite hostname="DESKTOP-VO83SOT" failures="0" tests="3" name="selenium.tests.SubmitOrderTest" time="59.620" errors="0" timestamp="2024-09-03T09:05:25 IST" skipped="0">
  <testcase classname="selenium.tests.SubmitOrderTest" name="submitOrderTest" time="18.053"/>
  <testcase classname="selenium.tests.SubmitOrderTest" name="submitOrderTest" time="19.078"/>
  <testcase classname="selenium.tests.SubmitOrderTest" name="submitOrderTest" time="22.489"/>
</testsuite> <!-- selenium.tests.SubmitOrderTest -->
