<?xml version="1.0" encoding="UTF-8"?>
<!-- Generated by org.testng.reporters.JUnitReportReporter -->
<testsuite hostname="DESKTOP-VO83SOT" failures="0" tests="2" name="cucumber.TestNGTestRunner" time="40.132" errors="0" timestamp="2024-09-07T13:30:17 IST" skipped="0">
  <testcase classname="cucumber.TestNGTestRunner" name="runScenario" time="20.264"/>
  <testcase classname="cucumber.TestNGTestRunner" name="runScenario" time="19.868"/>
</testsuite> <!-- cucumber.TestNGTestRunner -->
